TN:
SF:src\api\calculator.ts
FN:17,calculate
FN:34,(anonymous_1)
FNF:2
FNH:0
FNDA:0,calculate
FNDA:0,(anonymous_1)
DA:1,0
DA:18,0
DA:24,0
DA:25,0
DA:28,0
DA:29,0
DA:34,0
DA:35,0
DA:36,0
DA:38,0
LF:10
LH:0
BRDA:24,0,0,0
BRDA:24,0,1,0
BRDA:28,1,0,0
BRDA:28,1,1,0
BRDA:35,2,0,0
BRDA:35,2,1,0
BRF:6
BRH:0
end_of_record
TN:
SF:src\components\calculator\calculator.ts
FN:8,calculatorEmpty
FN:15,calculatorAppend
FN:24,calculatorErase
FN:32,calculatorUpdate
FN:35,(anonymous_4)
FN:41,calculatorUseResult
FNF:6
FNH:6
FNDA:2,calculatorEmpty
FNDA:3,calculatorAppend
FNDA:3,calculatorErase
FNDA:3,calculatorUpdate
FNDA:3,(anonymous_4)
FNDA:2,calculatorUseResult
DA:9,2
DA:20,3
DA:21,3
DA:26,3
DA:29,3
DA:35,3
DA:42,2
DA:43,1
DA:45,1
LF:9
LH:9
BRDA:20,0,0,1
BRDA:20,0,1,2
BRDA:26,1,0,2
BRDA:26,1,1,1
BRDA:37,2,0,0
BRDA:37,2,1,3
BRDA:42,3,0,1
BRDA:42,3,1,1
BRF:8
BRH:7
end_of_record
